d:\other game mods\repo\e\umvc3trainingtools\umvc3hook\x64\debug\umvc3hook.pch
d:\other game mods\repo\e\umvc3trainingtools\umvc3hook\x64\debug\vc143.pdb
d:\other game mods\repo\e\umvc3trainingtools\umvc3hook\x64\debug\vc143.idb
d:\other game mods\repo\e\umvc3trainingtools\umvc3hook\x64\debug\pch.obj
d:\other game mods\repo\e\umvc3trainingtools\umvc3hook\x64\debug\addr.obj
d:\other game mods\repo\e\umvc3trainingtools\umvc3hook\x64\debug\vector.obj
d:\other game mods\repo\e\umvc3trainingtools\umvc3hook\x64\debug\matrix.obj
d:\other game mods\repo\e\umvc3trainingtools\umvc3hook\x64\debug\camera.obj
d:\other game mods\repo\e\umvc3trainingtools\umvc3hook\x64\debug\settings.obj
d:\other game mods\repo\e\umvc3trainingtools\umvc3hook\x64\debug\menu.obj
d:\other game mods\repo\e\umvc3trainingtools\umvc3hook\x64\debug\hooks.obj
d:\other game mods\repo\e\umvc3trainingtools\umvc3hook\x64\debug\ekeyboardman.obj
d:\other game mods\repo\e\umvc3trainingtools\umvc3hook\x64\debug\notifications.obj
d:\other game mods\repo\e\umvc3trainingtools\umvc3hook\x64\debug\log.obj
d:\other game mods\repo\e\umvc3trainingtools\umvc3hook\x64\debug\imgui_widgets.obj
d:\other game mods\repo\e\umvc3trainingtools\umvc3hook\x64\debug\imgui_tables.obj
d:\other game mods\repo\e\umvc3trainingtools\umvc3hook\x64\debug\imgui_impl_win32.obj
d:\other game mods\repo\e\umvc3trainingtools\umvc3hook\x64\debug\imgui_impl_dx9.obj
d:\other game mods\repo\e\umvc3trainingtools\umvc3hook\x64\debug\imgui_draw.obj
d:\other game mods\repo\e\umvc3trainingtools\umvc3hook\x64\debug\imgui_demo.obj
d:\other game mods\repo\e\umvc3trainingtools\umvc3hook\x64\debug\imgui.obj
d:\other game mods\repo\e\umvc3trainingtools\umvc3hook\x64\debug\gui_impl_dx9.obj
d:\other game mods\repo\e\umvc3trainingtools\umvc3hook\x64\debug\dx9hook.obj
d:\other game mods\repo\e\umvc3trainingtools\umvc3hook\x64\debug\dllmain.obj
d:\other game mods\repo\e\umvc3trainingtools\umvc3hook\x64\debug\patterns.obj
d:\other game mods\repo\e\umvc3trainingtools\umvc3hook\x64\debug\inireader.obj
d:\other game mods\repo\e\umvc3trainingtools\umvc3hook\x64\debug\trampoline.obj
d:\other game mods\repo\e\umvc3trainingtools\umvc3hook\x64\debug\hook.obj
d:\other game mods\repo\e\umvc3trainingtools\umvc3hook\x64\debug\hde64.obj
d:\other game mods\repo\e\umvc3trainingtools\umvc3hook\x64\debug\hde32.obj
d:\other game mods\repo\e\umvc3trainingtools\umvc3hook\x64\debug\buffer.obj
e:\ultimate marvel vs. capcom 3\scripts\umvc3hook.lib
e:\ultimate marvel vs. capcom 3\scripts\umvc3hook.exp
d:\other game mods\repo\e\umvc3trainingtools\umvc3hook\x64\debug\umvc3hook.ilk
e:\ultimate marvel vs. capcom 3\scripts\umvc3hook.asi
e:\ultimate marvel vs. capcom 3\scripts\umvc3hook.pdb
d:\other game mods\repo\e\umvc3trainingtools\umvc3hook\x64\debug\umvc3hook.res
d:\other game mods\repo\e\umvc3trainingtools\umvc3hook\x64\debug\umvc3hook.tlog\cl.command.1.tlog
d:\other game mods\repo\e\umvc3trainingtools\umvc3hook\x64\debug\umvc3hook.tlog\cl.items.tlog
d:\other game mods\repo\e\umvc3trainingtools\umvc3hook\x64\debug\umvc3hook.tlog\cl.read.1.tlog
d:\other game mods\repo\e\umvc3trainingtools\umvc3hook\x64\debug\umvc3hook.tlog\cl.write.1.tlog
d:\other game mods\repo\e\umvc3trainingtools\umvc3hook\x64\debug\umvc3hook.tlog\link.command.1.tlog
d:\other game mods\repo\e\umvc3trainingtools\umvc3hook\x64\debug\umvc3hook.tlog\link.read.1.tlog
d:\other game mods\repo\e\umvc3trainingtools\umvc3hook\x64\debug\umvc3hook.tlog\link.write.1.tlog
d:\other game mods\repo\e\umvc3trainingtools\umvc3hook\x64\debug\umvc3hook.tlog\link.write.2u.tlog
d:\other game mods\repo\e\umvc3trainingtools\umvc3hook\x64\debug\umvc3hook.tlog\rc.command.1.tlog
d:\other game mods\repo\e\umvc3trainingtools\umvc3hook\x64\debug\umvc3hook.tlog\rc.read.1.tlog
d:\other game mods\repo\e\umvc3trainingtools\umvc3hook\x64\debug\umvc3hook.tlog\rc.write.1.tlog
